0 info it worked if it ends with ok
1 verbose cli [ 'C:\\Program Files\\nodejs\\node.exe',
1 verbose cli   'C:\\Program Files\\nodejs\\node_modules\\npm\\bin\\npm-cli.js',
1 verbose cli   'install',
1 verbose cli   'desktop/twit',
1 verbose cli   '--save' ]
2 info using npm@2.15.8
3 info using node@v4.4.7
4 verbose config Skipping project config: C:\Users\Tom/.npmrc. (matches userconfig)
5 verbose install initial load of C:\Users\Tom\package.json
6 warn package.json tom@1.0.0 No repository field.
7 warn package.json tom@1.0.0 No README data
8 verbose installManyTop reading scoped package data from C:\Users\Tom\node_modules\twit\package.json
9 verbose readDependencies loading dependencies from C:\Users\Tom\package.json
10 silly cache add args [ 'desktop/twit', null ]
11 verbose cache add spec desktop/twit
12 silly cache add parsed spec Result {
12 silly cache add   raw: 'desktop/twit',
12 silly cache add   scope: null,
12 silly cache add   name: null,
12 silly cache add   rawSpec: 'desktop/twit',
12 silly cache add   spec: 'github:desktop/twit',
12 silly cache add   type: 'hosted',
12 silly cache add   hosted:
12 silly cache add    { type: 'github',
12 silly cache add      ssh: 'git@github.com:desktop/twit.git',
12 silly cache add      sshUrl: 'git+ssh://git@github.com/desktop/twit.git',
12 silly cache add      httpsUrl: 'git+https://github.com/desktop/twit.git',
12 silly cache add      gitUrl: 'git://github.com/desktop/twit.git',
12 silly cache add      shortcut: 'github:desktop/twit',
12 silly cache add      directUrl: 'https://raw.githubusercontent.com/desktop/twit/master/package.json' } }
13 verbose addRemoteGit caching desktop/twit
14 verbose addRemoteGit desktop/twit is a repository hosted by github
15 silly tryGitProto attempting to clone git://github.com/desktop/twit.git
16 silly tryClone cloning desktop/twit via git://github.com/desktop/twit.git
17 verbose tryClone git-github-com-desktop-twit-git-9c1831c4 not in flight; caching
18 verbose correctMkdir C:\Users\Tom\AppData\Roaming\npm-cache\_git-remotes correctMkdir not in flight; initializing
19 verbose makeDirectory C:\Users\Tom\AppData\Roaming\npm-cache\_git-remotes creation not in flight; initializing
20 verbose makeCacheDir UID & GID are irrelevant on win32
21 info git [ 'clone',
21 info git   '--template=C:\\Users\\Tom\\AppData\\Roaming\\npm-cache\\_git-remotes\\_templates',
21 info git   '--mirror',
21 info git   'git://github.com/desktop/twit.git',
21 info git   'C:\\Users\\Tom\\AppData\\Roaming\\npm-cache\\_git-remotes\\git-github-com-desktop-twit-git-9c1831c4' ]
22 verbose git clone --template=C:\Users\Tom\AppData\Roaming\npm-cache\_git-remotes\_templates --mirror git://github.com/desktop/twit.git C:\Users\Tom\AppData\Roaming\npm-cache\_git-remotes\git-github-com-desktop-twit-git-9c1831c4: Cloning into bare repository 'C:\Users\Tom\AppData\Roaming\npm-cache\_git-remotes\git-github-com-desktop-twit-git-9c1831c4'...
22 verbose git clone --template=C:\Users\Tom\AppData\Roaming\npm-cache\_git-remotes\_templates --mirror git://github.com/desktop/twit.git C:\Users\Tom\AppData\Roaming\npm-cache\_git-remotes\git-github-com-desktop-twit-git-9c1831c4: fatal: remote error:
22 verbose git clone --template=C:\Users\Tom\AppData\Roaming\npm-cache\_git-remotes\_templates --mirror git://github.com/desktop/twit.git C:\Users\Tom\AppData\Roaming\npm-cache\_git-remotes\git-github-com-desktop-twit-git-9c1831c4:   Repository not found.
23 silly tryHTTPS attempting to clone git+https://github.com/desktop/twit.git
24 silly tryClone cloning desktop/twit via git+https://github.com/desktop/twit.git
25 verbose tryClone https-github-com-desktop-twit-git-4880fe93 not in flight; caching
26 verbose correctMkdir C:\Users\Tom\AppData\Roaming\npm-cache\_git-remotes correctMkdir not in flight; initializing
27 info git [ 'clone',
27 info git   '--template=C:\\Users\\Tom\\AppData\\Roaming\\npm-cache\\_git-remotes\\_templates',
27 info git   '--mirror',
27 info git   'https://github.com/desktop/twit.git',
27 info git   'C:\\Users\\Tom\\AppData\\Roaming\\npm-cache\\_git-remotes\\https-github-com-desktop-twit-git-4880fe93' ]
28 verbose git clone --template=C:\Users\Tom\AppData\Roaming\npm-cache\_git-remotes\_templates --mirror https://github.com/desktop/twit.git C:\Users\Tom\AppData\Roaming\npm-cache\_git-remotes\https-github-com-desktop-twit-git-4880fe93: Cloning into bare repository 'C:\Users\Tom\AppData\Roaming\npm-cache\_git-remotes\https-github-com-desktop-twit-git-4880fe93'...
28 verbose git clone --template=C:\Users\Tom\AppData\Roaming\npm-cache\_git-remotes\_templates --mirror https://github.com/desktop/twit.git C:\Users\Tom\AppData\Roaming\npm-cache\_git-remotes\https-github-com-desktop-twit-git-4880fe93: remote: Invalid username or password.
28 verbose git clone --template=C:\Users\Tom\AppData\Roaming\npm-cache\_git-remotes\_templates --mirror https://github.com/desktop/twit.git C:\Users\Tom\AppData\Roaming\npm-cache\_git-remotes\https-github-com-desktop-twit-git-4880fe93: fatal: Authentication failed for 'https://github.com/desktop/twit.git/'
29 silly trySSH attempting to clone git@github.com:desktop/twit.git
30 silly tryClone cloning desktop/twit via git@github.com:desktop/twit.git
31 verbose tryClone git-github-com-desktop-twit-git-3e847d19 not in flight; caching
32 verbose correctMkdir C:\Users\Tom\AppData\Roaming\npm-cache\_git-remotes correctMkdir not in flight; initializing
33 info git [ 'clone',
33 info git   '--template=C:\\Users\\Tom\\AppData\\Roaming\\npm-cache\\_git-remotes\\_templates',
33 info git   '--mirror',
33 info git   'git@github.com:desktop/twit.git',
33 info git   'C:\\Users\\Tom\\AppData\\Roaming\\npm-cache\\_git-remotes\\git-github-com-desktop-twit-git-3e847d19' ]
34 error git clone --template=C:\Users\Tom\AppData\Roaming\npm-cache\_git-remotes\_templates --mirror git@github.com:desktop/twit.git C:\Users\Tom\AppData\Roaming\npm-cache\_git-remotes\git-github-com-desktop-twit-git-3e847d19: Cloning into bare repository 'C:\Users\Tom\AppData\Roaming\npm-cache\_git-remotes\git-github-com-desktop-twit-git-3e847d19'...
34 error git clone --template=C:\Users\Tom\AppData\Roaming\npm-cache\_git-remotes\_templates --mirror git@github.com:desktop/twit.git C:\Users\Tom\AppData\Roaming\npm-cache\_git-remotes\git-github-com-desktop-twit-git-3e847d19: Host key verification failed.
34 error git clone --template=C:\Users\Tom\AppData\Roaming\npm-cache\_git-remotes\_templates --mirror git@github.com:desktop/twit.git C:\Users\Tom\AppData\Roaming\npm-cache\_git-remotes\git-github-com-desktop-twit-git-3e847d19: fatal: Could not read from remote repository.
34 error git clone --template=C:\Users\Tom\AppData\Roaming\npm-cache\_git-remotes\_templates --mirror git@github.com:desktop/twit.git C:\Users\Tom\AppData\Roaming\npm-cache\_git-remotes\git-github-com-desktop-twit-git-3e847d19:
34 error git clone --template=C:\Users\Tom\AppData\Roaming\npm-cache\_git-remotes\_templates --mirror git@github.com:desktop/twit.git C:\Users\Tom\AppData\Roaming\npm-cache\_git-remotes\git-github-com-desktop-twit-git-3e847d19: Please make sure you have the correct access rights
34 error git clone --template=C:\Users\Tom\AppData\Roaming\npm-cache\_git-remotes\_templates --mirror git@github.com:desktop/twit.git C:\Users\Tom\AppData\Roaming\npm-cache\_git-remotes\git-github-com-desktop-twit-git-3e847d19: and the repository exists.
35 verbose stack Error: Command failed: git -c core.longpaths=true clone --template=C:\Users\Tom\AppData\Roaming\npm-cache\_git-remotes\_templates --mirror git@github.com:desktop/twit.git C:\Users\Tom\AppData\Roaming\npm-cache\_git-remotes\git-github-com-desktop-twit-git-3e847d19
35 verbose stack Cloning into bare repository 'C:\Users\Tom\AppData\Roaming\npm-cache\_git-remotes\git-github-com-desktop-twit-git-3e847d19'...
35 verbose stack Host key verification failed.
35 verbose stack fatal: Could not read from remote repository.
35 verbose stack
35 verbose stack Please make sure you have the correct access rights
35 verbose stack and the repository exists.
35 verbose stack
35 verbose stack     at ChildProcess.exithandler (child_process.js:213:12)
35 verbose stack     at emitTwo (events.js:87:13)
35 verbose stack     at ChildProcess.emit (events.js:172:7)
35 verbose stack     at maybeClose (internal/child_process.js:827:16)
35 verbose stack     at Process.ChildProcess._handle.onexit (internal/child_process.js:211:5)
36 verbose cwd C:\Users\Tom\Desktop\twit
37 error Windows_NT 10.0.10586
38 error argv "C:\\Program Files\\nodejs\\node.exe" "C:\\Program Files\\nodejs\\node_modules\\npm\\bin\\npm-cli.js" "install" "desktop/twit" "--save"
39 error node v4.4.7
40 error npm  v2.15.8
41 error code 128
42 error Command failed: git -c core.longpaths=true clone --template=C:\Users\Tom\AppData\Roaming\npm-cache\_git-remotes\_templates --mirror git@github.com:desktop/twit.git C:\Users\Tom\AppData\Roaming\npm-cache\_git-remotes\git-github-com-desktop-twit-git-3e847d19
42 error Cloning into bare repository 'C:\Users\Tom\AppData\Roaming\npm-cache\_git-remotes\git-github-com-desktop-twit-git-3e847d19'...
42 error Host key verification failed.
42 error fatal: Could not read from remote repository.
42 error
42 error Please make sure you have the correct access rights
42 error and the repository exists.
43 error If you need help, you may report this error at:
43 error     <https://github.com/npm/npm/issues>
44 verbose exit [ 1, true ]
